[0m22:58:07.968771 [debug] [MainThread]: Sending event: {'category': 'dbt', 'action': 'invocation', 'label': 'start', 'context': [<snowplow_tracker.self_describing_json.SelfDescribingJson object at 0x107293770>, <snowplow_tracker.self_describing_json.SelfDescribingJson object at 0x112b4f9d0>, <snowplow_tracker.self_describing_json.SelfDescribingJson object at 0x112b4fc50>]}


============================== 22:58:07.977426 | 2859fee5-10d0-4d9b-96d1-a2e08af02342 ==============================
[0m22:58:07.977426 [info ] [MainThread]: Running with dbt=1.11.0-rc1
[0m22:58:07.977776 [debug] [MainThread]: running dbt with arguments {'use_colors': 'True', 'no_print': 'None', 'cache_selected_only': 'False', 'log_format': 'default', 'use_experimental_parser': 'False', 'target_path': 'None', 'introspect': 'True', 'warn_error_options': 'WarnErrorOptionsV2(error=[], warn=[], silence=[])', 'printer_width': '80', 'quiet': 'False', 'write_json': 'True', 'indirect_selection': 'eager', 'profiles_dir': '/Users/amaha/.dbt', 'fail_fast': 'False', 'debug': 'False', 'warn_error': 'None', 'version_check': 'True', 'static_parser': 'True', 'log_path': 'logs', 'send_anonymous_usage_stats': 'True', 'empty': 'False', 'invocation_command': 'dbt run --models fct_data_quality_audits', 'log_cache_events': 'False', 'partial_parse': 'True'}
[0m22:58:07.978207 [warn ] [MainThread]: [[33mWARNING[0m]: Deprecated functionality
Usage of `--models`, `--model`, and `-m` is deprecated in favor of `--select` or
`-s`.
[0m22:58:07.978472 [debug] [MainThread]: Sending event: {'category': 'dbt', 'action': 'deprecation', 'label': '2859fee5-10d0-4d9b-96d1-a2e08af02342', 'property_': 'warn', 'context': [<snowplow_tracker.self_describing_json.SelfDescribingJson object at 0x112a17a80>]}
[0m22:58:07.978873 [error] [MainThread]: Encountered an error:
Runtime Error
  No dbt_project.yml found at expected path /Users/amaha/Desktop/noora_pipeline/dbt_project.yml
  Verify that each entry within packages.yml (and their transitive dependencies) contains a file named dbt_project.yml
  
[0m22:58:07.979164 [warn ] [MainThread]: [[33mWARNING[0m][DeprecationsSummary]: Deprecated functionality
Summary of encountered deprecations:
- ModelParamUsageDeprecation: 1 occurrence
To see all deprecation instances instead of just the first occurrence of each,
run command again with the `--show-all-deprecations` flag. You may also need to
run with `--no-partial-parse` as some deprecations are only encountered during
parsing.
[0m22:58:07.986757 [debug] [MainThread]: Resource report: {"command_name": "run", "command_success": false, "command_wall_clock_time": 0.06597021, "process_in_blocks": "0", "process_kernel_time": 0.231482, "process_mem_max_rss": "101826560", "process_out_blocks": "0", "process_user_time": 1.430714}
[0m22:58:07.987269 [debug] [MainThread]: Command `dbt run` failed at 22:58:07.987190 after 0.07 seconds
[0m22:58:07.987510 [debug] [MainThread]: Sending event: {'category': 'dbt', 'action': 'invocation', 'label': 'end', 'context': [<snowplow_tracker.self_describing_json.SelfDescribingJson object at 0x112b808d0>, <snowplow_tracker.self_describing_json.SelfDescribingJson object at 0x112b809e0>, <snowplow_tracker.self_describing_json.SelfDescribingJson object at 0x1129d6550>]}
[0m22:58:07.987719 [debug] [MainThread]: Flushing usage events
[0m22:58:09.257012 [debug] [MainThread]: An error was encountered while trying to flush usage events
